<?xml version="1.0" encoding="UTF-8"?>
<testng-results ignored="0" total="1" passed="1" failed="0" skipped="0">
  <reporter-output>
    <line>
      <![CDATA[Act_dataStock-000000986===================Exp_dataStock-000000986]]>
    </line>
  </reporter-output>
  <suite started-at="2024-03-25T16:27:05 IST" name="Default suite" finished-at="2024-03-25T16:28:13 IST" duration-ms="68330">
    <groups>
    </groups>
    <test started-at="2024-03-25T16:27:05 IST" name="Default test" finished-at="2024-03-25T16:28:13 IST" duration-ms="68330">
      <class name="driverFactory.DriverScript">
        <test-method signature="starttest()[pri:0, instance:driverFactory.DriverScript@6adbc9d]" started-at="2024-03-25T16:27:05 IST" name="starttest" finished-at="2024-03-25T16:28:13 IST" duration-ms="68114" status="PASS">
          <reporter-output>
            <line>
              <![CDATA[Act_dataStock-000000986===================Exp_dataStock-000000986]]>
            </line>
          </reporter-output>
        </test-method> <!-- starttest -->
      </class> <!-- driverFactory.DriverScript -->
    </test> <!-- Default test -->
  </suite> <!-- Default suite -->
</testng-results>
